#-----------------------------------------------------------
# Vivado v2018.2 (64-bit)
# SW Build 2258646 on Thu Jun 14 20:03:12 MDT 2018
# IP Build 2256618 on Thu Jun 14 22:10:49 MDT 2018
# Start of session at: Sun Feb  3 18:14:19 2019
# Process ID: 36328
# Current directory: F:/REP/CO2018/MIPS Processor
# Command line: vivado.exe -gui_launcher_event rodinguilauncherevent36100 F:\REP\CO2018\MIPS Processor\MIPS Processor.xpr
# Log file: F:/REP/CO2018/MIPS Processor/vivado.log
# Journal file: F:/REP/CO2018/MIPS Processor\vivado.jou
#-----------------------------------------------------------
start_gui
open_project {F:/REP/CO2018/MIPS Processor/MIPS Processor.xpr}
INFO: [Project 1-313] Project file moved from 'E:/Faculty of Engineering Ain Shams University/3rd CSE 2018 - 2019/1st Term/Lectures/Computer Organization/Project/CO2018/MIPS Processor' since last save.
Scanning sources...
Finished scanning sources
INFO: [IP_Flow 19-234] Refreshing IP repositories
INFO: [IP_Flow 19-1704] No user IP repositories specified
INFO: [IP_Flow 19-2313] Loaded Vivado IP repository 'C:/Xilinx/Vivado/2018.2/data/ip'.
open_project: Time (s): cpu = 00:00:17 ; elapsed = 00:00:10 . Memory (MB): peak = 849.266 ; gain = 108.531
update_compile_order -fileset sources_1
update_compile_order -fileset sources_1
exit
INFO: [Common 17-206] Exiting Vivado at Sun Feb  3 18:17:17 2019...
