#-----------------------------------------------------------
# Vivado v2018.2 (64-bit)
# SW Build 2258646 on Thu Jun 14 20:03:12 MDT 2018
# IP Build 2256618 on Thu Jun 14 22:10:49 MDT 2018
# Start of session at: Fri Dec 14 01:01:59 2018
# Process ID: 8224
# Current directory: F:/pci dream/PCI
# Command line: vivado.exe -gui_launcher_event rodinguilauncherevent17776 F:\pci dream\PCI\PCI.xpr
# Log file: F:/pci dream/PCI/vivado.log
# Journal file: F:/pci dream/PCI\vivado.jou
#-----------------------------------------------------------
start_gui
open_project {F:/pci dream/PCI/PCI.xpr}
INFO: [Project 1-313] Project file moved from 'E:/Faculty of Engineering Ain Shams University/3rd CSE 2018 - 2019/Lectures/Computer Organization/Project/CO2018/PCI' since last save.
Scanning sources...
Finished scanning sources
INFO: [IP_Flow 19-234] Refreshing IP repositories
INFO: [IP_Flow 19-1704] No user IP repositories specified
INFO: [IP_Flow 19-2313] Loaded Vivado IP repository 'C:/Xilinx/Vivado/2018.2/data/ip'.
open_project: Time (s): cpu = 00:00:13 ; elapsed = 00:00:07 . Memory (MB): peak = 852.129 ; gain = 114.203
update_compile_order -fileset sources_1
set_property top tb_fcfs [get_filesets sim_1]
set_property top_lib xil_defaultlib [get_filesets sim_1]
