#-----------------------------------------------------------
# Vivado v2018.2 (64-bit)
# SW Build 2258646 on Thu Jun 14 20:03:12 MDT 2018
# IP Build 2256618 on Thu Jun 14 22:10:49 MDT 2018
# Start of session at: Sat Dec 22 14:50:56 2018
# Process ID: 1740
# Current directory: F:/REP/CO2018/PCI
# Command line: vivado.exe -gui_launcher_event rodinguilauncherevent10116 F:\REP\CO2018\PCI\PCI.xpr
# Log file: F:/REP/CO2018/PCI/vivado.log
# Journal file: F:/REP/CO2018/PCI\vivado.jou
#-----------------------------------------------------------
start_gui
open_project F:/REP/CO2018/PCI/PCI.xpr
INFO: [Project 1-313] Project file moved from 'F:/pci dream/PCI' since last save.
Scanning sources...
Finished scanning sources
INFO: [IP_Flow 19-234] Refreshing IP repositories
INFO: [IP_Flow 19-1704] No user IP repositories specified
INFO: [IP_Flow 19-2313] Loaded Vivado IP repository 'C:/Xilinx/Vivado/2018.2/data/ip'.
open_project: Time (s): cpu = 00:00:12 ; elapsed = 00:00:06 . Memory (MB): peak = 858.512 ; gain = 103.223
update_compile_order -fileset sources_1
exit
INFO: [Common 17-206] Exiting Vivado at Sat Dec 22 15:05:57 2018...
