#-----------------------------------------------------------
# Vivado v2018.2 (64-bit)
# SW Build 2258646 on Thu Jun 14 20:03:12 MDT 2018
# IP Build 2256618 on Thu Jun 14 22:10:49 MDT 2018
# Start of session at: Tue Nov 27 09:37:45 2018
# Process ID: 5552
# Current directory: F:/CO2018PPI/PPI
# Command line: vivado.exe -gui_launcher_event rodinguilauncherevent3952 F:\CO2018PPI\PPI\PPI.xpr
# Log file: F:/CO2018PPI/PPI/vivado.log
# Journal file: F:/CO2018PPI/PPI\vivado.jou
#-----------------------------------------------------------
start_gui
open_project F:/CO2018PPI/PPI/PPI.xpr
Scanning sources...
Finished scanning sources
INFO: [IP_Flow 19-234] Refreshing IP repositories
INFO: [IP_Flow 19-1704] No user IP repositories specified
INFO: [IP_Flow 19-2313] Loaded Vivado IP repository 'C:/Xilinx/Vivado/2018.2/data/ip'.
open_project: Time (s): cpu = 00:00:09 ; elapsed = 00:00:05 . Memory (MB): peak = 870.469 ; gain = 101.020
update_compile_order -fileset sources_1
