#-----------------------------------------------------------
# Vivado v2018.2 (64-bit)
# SW Build 2258646 on Thu Jun 14 20:03:12 MDT 2018
# IP Build 2256618 on Thu Jun 14 22:10:49 MDT 2018
# Start of session at: Fri Nov 23 23:58:23 2018
# Process ID: 14696
# Current directory: F:/CO2018PPI/PPI
# Command line: vivado.exe -gui_launcher_event rodinguilauncherevent16956 F:\CO2018PPI\PPI\PPI.xpr
# Log file: F:/CO2018PPI/PPI/vivado.log
# Journal file: F:/CO2018PPI/PPI\vivado.jou
#-----------------------------------------------------------
start_gui
open_project F:/CO2018PPI/PPI/PPI.xpr
INFO: [Project 1-313] Project file moved from 'E:/Faculty of Engineering, Ain Shams University/3rd CSE 2018 - 2019/Lectures/Computer Organization/Project/PPI/CO2018PPI/PPI' since last save.
Scanning sources...
Finished scanning sources
WARNING: [filemgmt 56-2] IPUserFilesDir: Could not find the directory 'F:/CO2018PPI/PPI/PPI.ip_user_files', nor could it be found using path 'E:/Faculty of Engineering, Ain Shams University/3rd CSE 2018 - 2019/Lectures/Computer Organization/Project/PPI/CO2018PPI/PPI/PPI.ip_user_files'.
INFO: [IP_Flow 19-234] Refreshing IP repositories
INFO: [IP_Flow 19-1704] No user IP repositories specified
INFO: [IP_Flow 19-2313] Loaded Vivado IP repository 'C:/Xilinx/Vivado/2018.2/data/ip'.
open_project: Time (s): cpu = 00:00:12 ; elapsed = 00:00:06 . Memory (MB): peak = 879.504 ; gain = 142.543
update_compile_order -fileset sources_1
exit
INFO: [Common 17-206] Exiting Vivado at Sat Nov 24 00:38:54 2018...
